<?xml version="1.0" encoding="UTF-8"?>
<testsuite name="com.bridgelabz.UserReg.UserRegistrationTest" tests="5" skipped="0" failures="0" errors="0" timestamp="2022-04-03T13:32:25" hostname="DESKTOP-E1170TU" time="0.045">
  <properties/>
  <testcase name="givenEmail_WhenProper_ShouldReturnEmailisValid()" classname="com.bridgelabz.UserReg.UserRegistrationTest" time="0.03"/>
  <testcase name="givenLastname_WhenProper_ShouldReturnLastNameisValid()" classname="com.bridgelabz.UserReg.UserRegistrationTest" time="0.001"/>
  <testcase name="givenPassword_WhenProper_ShouldReturnPasswordisValid()" classname="com.bridgelabz.UserReg.UserRegistrationTest" time="0.002"/>
  <testcase name="givenFirstname_WhenProper_ShouldReturnFirstNameisValid()" classname="com.bridgelabz.UserReg.UserRegistrationTest" time="0.005"/>
  <testcase name="givenMobileNo_WhenProper_ShouldReturnPhoneNoisValid()" classname="com.bridgelabz.UserReg.UserRegistrationTest" time="0.002"/>
  <system-out><![CDATA[]]></system-out>
  <system-err><![CDATA[]]></system-err>
</testsuite>
